Build started 2019-04-04 오후 3:54:40.
     1>Project "C:\Users\301-22\Desktop\Source(1)\Chapter04\TCPServer6\TCPServer6.vcxproj" on node 2 (build target(s)).
     1>InitializeBuildStatus:
         Creating "Debug\TCPServer6.unsuccessfulbuild" because "AlwaysCreate" was specified.
       ClCompile:
         C:\Program Files (x86)\Microsoft Visual Studio 10.0\VC\bin\CL.exe /c /ZI /nologo /W3 /WX- /Od /Oy- /D WIN32 /D _DEBUG /D _CONSOLE /D _MBCS /Gm /EHsc /RTC1 /MDd /GS /fp:precise /Zc:wchar_t /Zc:forScope /Fo"Debug\\" /Fd"Debug\vc100.pdb" /Gd /TP /analyze- /errorReport:prompt TCPServer6.cpp
         TCPServer6.cpp
       ManifestResourceCompile:
         All outputs are up-to-date.
       Link:
         C:\Program Files (x86)\Microsoft Visual Studio 10.0\VC\bin\link.exe /ERRORREPORT:PROMPT /OUT:"C:\Users\301-22\Desktop\Source(1)\Chapter04\TCPServer6\Debug\TCPServer6.exe" /INCREMENTAL /NOLOGO kernel32.lib user32.lib gdi32.lib winspool.lib comdlg32.lib advapi32.lib shell32.lib ole32.lib oleaut32.lib uuid.lib odbc32.lib odbccp32.lib /MANIFEST /ManifestFile:"Debug\TCPServer6.exe.intermediate.manifest" /MANIFESTUAC:"level='asInvoker' uiAccess='false'" /DEBUG /PDB:"C:\Users\301-22\Desktop\Source(1)\Chapter04\TCPServer6\Debug\TCPServer6.pdb" /SUBSYSTEM:CONSOLE /TLBID:1 /DYNAMICBASE /NXCOMPAT /IMPLIB:"C:\Users\301-22\Desktop\Source(1)\Chapter04\TCPServer6\Debug\TCPServer6.lib" /MACHINE:X86 Debug\TCPServer6.exe.embed.manifest.res
         Debug\TCPServer6.obj
       Manifest:
         C:\Program Files (x86)\Microsoft SDKs\Windows\v7.0A\bin\mt.exe /nologo /verbose /out:"Debug\TCPServer6.exe.embed.manifest" /manifest Debug\TCPServer6.exe.intermediate.manifest
         All outputs are up-to-date.
       LinkEmbedManifest:
         All outputs are up-to-date.
         TCPServer6.vcxproj -> C:\Users\301-22\Desktop\Source(1)\Chapter04\TCPServer6\Debug\TCPServer6.exe
       FinalizeBuildStatus:
         Deleting file "Debug\TCPServer6.unsuccessfulbuild".
         Touching "Debug\TCPServer6.lastbuildstate".
     1>Done Building Project "C:\Users\301-22\Desktop\Source(1)\Chapter04\TCPServer6\TCPServer6.vcxproj" (build target(s)).

Build succeeded.

Time Elapsed 00:00:00.80
