Build started 2019-06-06 오후 11:44:03.
     1>Project "C:\Users\sejong\Documents\카카오톡 받은 파일\숙제3\PrjClient\PrjClient.vcxproj" on node 2 (build target(s)).
     1>InitializeBuildStatus:
         Creating "Debug\PrjClient.unsuccessfulbuild" because "AlwaysCreate" was specified.
       ClCompile:
         All outputs are up-to-date.
       ResourceCompile:
         All outputs are up-to-date.
       ManifestResourceCompile:
         All outputs are up-to-date.
       Link:
         All outputs are up-to-date.
       Manifest:
         All outputs are up-to-date.
       FinalizeBuildStatus:
         Deleting file "Debug\PrjClient.unsuccessfulbuild".
         Touching "Debug\PrjClient.lastbuildstate".
     1>Done Building Project "C:\Users\sejong\Documents\카카오톡 받은 파일\숙제3\PrjClient\PrjClient.vcxproj" (build target(s)).

Build succeeded.

Time Elapsed 00:00:00.04
