Build started 2019-06-06 오후 11:43:53.
     1>Project "C:\Users\sejong\Documents\카카오톡 받은 파일\숙제3\PrjServer\PrjServer.vcxproj" on node 2 (build target(s)).
     1>InitializeBuildStatus:
         Creating "Debug\PrjServer.unsuccessfulbuild" because "AlwaysCreate" was specified.
       ClCompile:
         c:\Program Files (x86)\Microsoft Visual Studio 10.0\VC\bin\CL.exe /c /ZI /nologo /W3 /WX- /Od /Oy- /D WIN32 /D _DEBUG /D _CONSOLE /D _MBCS /Gm /EHsc /RTC1 /MDd /GS /fp:precise /Zc:wchar_t /Zc:forScope /Fo"Debug\\" /Fd"Debug\vc100.pdb" /Gd /TP /analyze- /errorReport:prompt PrjServer.cpp
         PrjServer.cpp
     1>c:\users\sejong\documents\카카오톡 받은 파일\숙제3\prjserver\prjserver.cpp(93): warning C4101: 'j' : unreferenced local variable
     1>c:\users\sejong\documents\카카오톡 받은 파일\숙제3\prjserver\prjserver.cpp(234): warning C4996: 'memccpy': The POSIX name for this item is deprecated. Instead, use the ISO C++ conformant name: _memccpy. See online help for details.
                 c:\program files (x86)\microsoft visual studio 10.0\vc\include\string.h(92) : see declaration of 'memccpy'
     1>c:\users\sejong\documents\카카오톡 받은 파일\숙제3\prjserver\prjserver.cpp(221): warning C4101: 'user' : unreferenced local variable
       ManifestResourceCompile:
         All outputs are up-to-date.
       Link:
         c:\Program Files (x86)\Microsoft Visual Studio 10.0\VC\bin\link.exe /ERRORREPORT:PROMPT /OUT:"C:\Users\sejong\Documents\카카오톡 받은 파일\숙제3\PrjServer\Debug\PrjServer.exe" /INCREMENTAL /NOLOGO kernel32.lib user32.lib gdi32.lib winspool.lib comdlg32.lib advapi32.lib shell32.lib ole32.lib oleaut32.lib uuid.lib odbc32.lib odbccp32.lib /MANIFEST /ManifestFile:"Debug\PrjServer.exe.intermediate.manifest" /MANIFESTUAC:"level='asInvoker' uiAccess='false'" /DEBUG /PDB:"C:\Users\sejong\Documents\카카오톡 받은 파일\숙제3\PrjServer\Debug\PrjServer.pdb" /SUBSYSTEM:CONSOLE /TLBID:1 /DYNAMICBASE /NXCOMPAT /IMPLIB:"C:\Users\sejong\Documents\카카오톡 받은 파일\숙제3\PrjServer\Debug\PrjServer.lib" /MACHINE:X86 Debug\PrjServer.exe.embed.manifest.res
         Debug\PrjServer.obj
       Manifest:
         c:\Program Files (x86)\Microsoft SDKs\Windows\v7.0A\bin\mt.exe /nologo /verbose /out:"Debug\PrjServer.exe.embed.manifest" /manifest Debug\PrjServer.exe.intermediate.manifest
         All outputs are up-to-date.
       LinkEmbedManifest:
         All outputs are up-to-date.
         PrjServer.vcxproj -> C:\Users\sejong\Documents\카카오톡 받은 파일\숙제3\PrjServer\Debug\PrjServer.exe
       FinalizeBuildStatus:
         Deleting file "Debug\PrjServer.unsuccessfulbuild".
         Touching "Debug\PrjServer.lastbuildstate".
     1>Done Building Project "C:\Users\sejong\Documents\카카오톡 받은 파일\숙제3\PrjServer\PrjServer.vcxproj" (build target(s)).

Build succeeded.

Time Elapsed 00:00:01.42
