Build started 2019-05-05 오후 8:08:03.
     1>Project "\\Mac\Home\Desktop\Source\class\Chapter08\UDPServer(SO_REUSEADDR 옵션)\UDPServer.vcxproj" on node 2 (build target(s)).
     1>InitializeBuildStatus:
         Creating "Debug\UDPServer.unsuccessfulbuild" because "AlwaysCreate" was specified.
       ClCompile:
         C:\Program Files (x86)\Microsoft Visual Studio 10.0\VC\bin\CL.exe /c /ZI /nologo /W3 /WX- /Od /Oy- /D WIN32 /D _DEBUG /D _CONSOLE /D _MBCS /Gm /EHsc /RTC1 /MDd /GS /fp:precise /Zc:wchar_t /Zc:forScope /Fo"Debug\\" /Fd"Debug\vc100.pdb" /Gd /TP /analyze- /errorReport:prompt UDPServer.cpp
         UDPServer.cpp
       ManifestResourceCompile:
         All outputs are up-to-date.
       Link:
         C:\Program Files (x86)\Microsoft Visual Studio 10.0\VC\bin\link.exe /ERRORREPORT:PROMPT /OUT:"\\Mac\Home\Desktop\Source\class\Chapter08\UDPServer(SO_REUSEADDR 옵션)\Debug\UDPServer.exe" /INCREMENTAL /NOLOGO kernel32.lib user32.lib gdi32.lib winspool.lib comdlg32.lib advapi32.lib shell32.lib ole32.lib oleaut32.lib uuid.lib odbc32.lib odbccp32.lib /MANIFEST /ManifestFile:"Debug\UDPServer.exe.intermediate.manifest" /MANIFESTUAC:"level='asInvoker' uiAccess='false'" /DEBUG /PDB:"\\Mac\Home\Desktop\Source\class\Chapter08\UDPServer(SO_REUSEADDR 옵션)\Debug\UDPServer.pdb" /SUBSYSTEM:CONSOLE /TLBID:1 /DYNAMICBASE /NXCOMPAT /IMPLIB:"\\Mac\Home\Desktop\Source\class\Chapter08\UDPServer(SO_REUSEADDR 옵션)\Debug\UDPServer.lib" /MACHINE:X86 Debug\UDPServer.exe.embed.manifest.res
         Debug\UDPServer.obj
       Manifest:
         C:\Program Files (x86)\Microsoft SDKs\Windows\v7.0A\bin\mt.exe /nologo /verbose /out:"Debug\UDPServer.exe.embed.manifest" /manifest Debug\UDPServer.exe.intermediate.manifest
         All outputs are up-to-date.
       LinkEmbedManifest:
         All outputs are up-to-date.
         UDPServer.vcxproj -> \\Mac\Home\Desktop\Source\class\Chapter08\UDPServer(SO_REUSEADDR 옵션)\Debug\UDPServer.exe
       FinalizeBuildStatus:
         Deleting file "Debug\UDPServer.unsuccessfulbuild".
         Touching "Debug\UDPServer.lastbuildstate".
     1>Done Building Project "\\Mac\Home\Desktop\Source\class\Chapter08\UDPServer(SO_REUSEADDR 옵션)\UDPServer.vcxproj" (build target(s)).

Build succeeded.

Time Elapsed 00:00:01.35
