Build started 2019-04-04 오후 3:53:49.
     1>Project "C:\Users\301-22\Desktop\Source(1)\Chapter04\TCPClient6\TCPClient6.vcxproj" on node 2 (build target(s)).
     1>InitializeBuildStatus:
         Creating "Debug\TCPClient6.unsuccessfulbuild" because "AlwaysCreate" was specified.
       ClCompile:
         C:\Program Files (x86)\Microsoft Visual Studio 10.0\VC\bin\CL.exe /c /ZI /nologo /W3 /WX- /Od /Oy- /D WIN32 /D _DEBUG /D _CONSOLE /D _MBCS /Gm /EHsc /RTC1 /MDd /GS /fp:precise /Zc:wchar_t /Zc:forScope /Fo"Debug\\" /Fd"Debug\vc100.pdb" /Gd /TP /analyze- /errorReport:prompt TCPClient6.cpp
         TCPClient6.cpp
     1>c:\users\301-22\desktop\source(1)\chapter04\tcpclient6\tcpclient6.cpp(94): warning C4996: 'scanf': This function or variable may be unsafe. Consider using scanf_s instead. To disable deprecation, use _CRT_SECURE_NO_WARNINGS. See online help for details.
                 c:\program files (x86)\microsoft visual studio 10.0\vc\include\stdio.h(304) : see declaration of 'scanf'
     1>c:\users\301-22\desktop\source(1)\chapter04\tcpclient6\tcpclient6.cpp(107): warning C4996: 'scanf': This function or variable may be unsafe. Consider using scanf_s instead. To disable deprecation, use _CRT_SECURE_NO_WARNINGS. See online help for details.
                 c:\program files (x86)\microsoft visual studio 10.0\vc\include\stdio.h(304) : see declaration of 'scanf'
     1>c:\users\301-22\desktop\source(1)\chapter04\tcpclient6\tcpclient6.cpp(86): warning C4101: 'len' : unreferenced local variable
       ManifestResourceCompile:
         All outputs are up-to-date.
       Link:
         C:\Program Files (x86)\Microsoft Visual Studio 10.0\VC\bin\link.exe /ERRORREPORT:PROMPT /OUT:"C:\Users\301-22\Desktop\Source(1)\Chapter04\TCPClient6\Debug\TCPClient6.exe" /INCREMENTAL /NOLOGO kernel32.lib user32.lib gdi32.lib winspool.lib comdlg32.lib advapi32.lib shell32.lib ole32.lib oleaut32.lib uuid.lib odbc32.lib odbccp32.lib /MANIFEST /ManifestFile:"Debug\TCPClient6.exe.intermediate.manifest" /MANIFESTUAC:"level='asInvoker' uiAccess='false'" /DEBUG /PDB:"C:\Users\301-22\Desktop\Source(1)\Chapter04\TCPClient6\Debug\TCPClient6.pdb" /SUBSYSTEM:CONSOLE /TLBID:1 /DYNAMICBASE /NXCOMPAT /IMPLIB:"C:\Users\301-22\Desktop\Source(1)\Chapter04\TCPClient6\Debug\TCPClient6.lib" /MACHINE:X86 Debug\TCPClient6.exe.embed.manifest.res
         Debug\TCPClient6.obj
       Manifest:
         C:\Program Files (x86)\Microsoft SDKs\Windows\v7.0A\bin\mt.exe /nologo /verbose /out:"Debug\TCPClient6.exe.embed.manifest" /manifest Debug\TCPClient6.exe.intermediate.manifest
         All outputs are up-to-date.
       LinkEmbedManifest:
         All outputs are up-to-date.
         TCPClient6.vcxproj -> C:\Users\301-22\Desktop\Source(1)\Chapter04\TCPClient6\Debug\TCPClient6.exe
       FinalizeBuildStatus:
         Deleting file "Debug\TCPClient6.unsuccessfulbuild".
         Touching "Debug\TCPClient6.lastbuildstate".
     1>Done Building Project "C:\Users\301-22\Desktop\Source(1)\Chapter04\TCPClient6\TCPClient6.vcxproj" (build target(s)).

Build succeeded.

Time Elapsed 00:00:00.81
