빌드 시작: 2019-04-11 오전 12:19:16
     1>2 노드의 "\\Mac\Home\Desktop\Source\assignment\project1\TCPServer_FixedVariable\TCPServer_FixedVariable.vcxproj" 프로젝트(build 대상)입니다.
     1>InitializeBuildStatus:
         "Debug\TCPServer_FixedVariable.unsuccessfulbuild"에 연결(touching)하고 있습니다.
       ClCompile:
         C:\Program Files (x86)\Microsoft Visual Studio 10.0\VC\bin\CL.exe /c /ZI /nologo /W3 /WX- /Od /Oy- /D WIN32 /D _DEBUG /D _CONSOLE /D _MBCS /Gm /EHsc /RTC1 /MDd /GS /fp:precise /Zc:wchar_t /Zc:forScope /Fo"Debug\\" /Fd"Debug\vc100.pdb" /Gd /TP /analyze- /errorReport:prompt TCPServer_FixedVariable.cpp
         TCPServer_FixedVariable.cpp
     1>\\mac\home\desktop\source\assignment\project1\tcpserver_fixedvariable\tcpserver_fixedvariable.cpp(58): warning C4996: 'strcpy': This function or variable may be unsafe. Consider using strcpy_s instead. To disable deprecation, use _CRT_SECURE_NO_WARNINGS. See online help for details.
                 c:\program files (x86)\microsoft visual studio 10.0\vc\include\string.h(105) : 'strcpy' 선언을 참조하십시오.
     1>\\mac\home\desktop\source\assignment\project1\tcpserver_fixedvariable\tcpserver_fixedvariable.cpp(66): warning C4996: 'strcpy': This function or variable may be unsafe. Consider using strcpy_s instead. To disable deprecation, use _CRT_SECURE_NO_WARNINGS. See online help for details.
                 c:\program files (x86)\microsoft visual studio 10.0\vc\include\string.h(105) : 'strcpy' 선언을 참조하십시오.
     1>\\mac\home\desktop\source\assignment\project1\tcpserver_fixedvariable\tcpserver_fixedvariable.cpp(71): warning C4996: 'strcpy': This function or variable may be unsafe. Consider using strcpy_s instead. To disable deprecation, use _CRT_SECURE_NO_WARNINGS. See online help for details.
                 c:\program files (x86)\microsoft visual studio 10.0\vc\include\string.h(105) : 'strcpy' 선언을 참조하십시오.
       ManifestResourceCompile:
         모든 출력이 최신 상태입니다.
       Link:
         C:\Program Files (x86)\Microsoft Visual Studio 10.0\VC\bin\link.exe /ERRORREPORT:PROMPT /OUT:"\\Mac\Home\Desktop\Source\assignment\project1\TCPServer_FixedVariable\Debug\TCPServer_FixedVariable.exe" /INCREMENTAL /NOLOGO kernel32.lib user32.lib gdi32.lib winspool.lib comdlg32.lib advapi32.lib shell32.lib ole32.lib oleaut32.lib uuid.lib odbc32.lib odbccp32.lib /MANIFEST /ManifestFile:"Debug\TCPServer_FixedVariable.exe.intermediate.manifest" /MANIFESTUAC:"level='asInvoker' uiAccess='false'" /DEBUG /PDB:"\\Mac\Home\Desktop\Source\assignment\project1\TCPServer_FixedVariable\Debug\TCPServer_FixedVariable.pdb" /SUBSYSTEM:CONSOLE /TLBID:1 /DYNAMICBASE /NXCOMPAT /IMPLIB:"\\Mac\Home\Desktop\Source\assignment\project1\TCPServer_FixedVariable\Debug\TCPServer_FixedVariable.lib" /MACHINE:X86 Debug\TCPServer_FixedVariable.exe.embed.manifest.res
         Debug\TCPServer_FixedVariable.obj
       Manifest:
         C:\Program Files (x86)\Microsoft SDKs\Windows\v7.0A\bin\mt.exe /nologo /verbose /out:"Debug\TCPServer_FixedVariable.exe.embed.manifest" /manifest Debug\TCPServer_FixedVariable.exe.intermediate.manifest
         모든 출력이 최신 상태입니다.
       LinkEmbedManifest:
         모든 출력이 최신 상태입니다.
         TCPServer_FixedVariable.vcxproj -> \\Mac\Home\Desktop\Source\assignment\project1\TCPServer_FixedVariable\Debug\TCPServer_FixedVariable.exe
       FinalizeBuildStatus:
         "Debug\TCPServer_FixedVariable.unsuccessfulbuild" 파일을 삭제하고 있습니다.
         "Debug\TCPServer_FixedVariable.lastbuildstate"에 연결(touching)하고 있습니다.
     1>"\\Mac\Home\Desktop\Source\assignment\project1\TCPServer_FixedVariable\TCPServer_FixedVariable.vcxproj" 프로젝트를 빌드했습니다(build 대상).

빌드했습니다.

경과 시간: 00:00:01.06
