Build started 2019-06-02 오후 9:02:12.
     1>Project "C:\Users\sejong\Desktop\source\class\Chapter04\TCPServer\TCPServer.vcxproj" on node 2 (build target(s)).
     1>InitializeBuildStatus:
         Creating "Debug\TCPServer.unsuccessfulbuild" because "AlwaysCreate" was specified.
       ClCompile:
         C:\Program Files (x86)\Microsoft Visual Studio 10.0\VC\bin\CL.exe /c /ZI /nologo /W3 /WX- /Od /Oy- /D WIN32 /D _DEBUG /D _CONSOLE /D _MBCS /Gm /EHsc /RTC1 /MDd /GS /fp:precise /Zc:wchar_t /Zc:forScope /Fo"Debug\\" /Fd"Debug\vc100.pdb" /Gd /TP /analyze- /errorReport:prompt TCPServer.cpp
         TCPServer.cpp
       ManifestResourceCompile:
         c:\Program Files (x86)\Microsoft SDKs\Windows\v7.0A\bin\rc.exe /nologo /fo"Debug\TCPServer.exe.embed.manifest.res" Debug\TCPServer_manifest.rc 
       Link:
         C:\Program Files (x86)\Microsoft Visual Studio 10.0\VC\bin\link.exe /ERRORREPORT:PROMPT /OUT:"C:\Users\sejong\Desktop\source\class\Chapter04\TCPServer\Debug\TCPServer.exe" /INCREMENTAL /NOLOGO kernel32.lib user32.lib gdi32.lib winspool.lib comdlg32.lib advapi32.lib shell32.lib ole32.lib oleaut32.lib uuid.lib odbc32.lib odbccp32.lib /MANIFEST /ManifestFile:"Debug\TCPServer.exe.intermediate.manifest" /MANIFESTUAC:"level='asInvoker' uiAccess='false'" /DEBUG /PDB:"C:\Users\sejong\Desktop\source\class\Chapter04\TCPServer\Debug\TCPServer.pdb" /SUBSYSTEM:CONSOLE /TLBID:1 /DYNAMICBASE /NXCOMPAT /IMPLIB:"C:\Users\sejong\Desktop\source\class\Chapter04\TCPServer\Debug\TCPServer.lib" /MACHINE:X86 Debug\TCPServer.exe.embed.manifest.res
         Debug\TCPServer.obj
       Manifest:
         c:\Program Files (x86)\Microsoft SDKs\Windows\v7.0A\bin\mt.exe /nologo /verbose /out:"Debug\TCPServer.exe.embed.manifest" /manifest Debug\TCPServer.exe.intermediate.manifest
         c:\Program Files (x86)\Microsoft SDKs\Windows\v7.0A\bin\rc.exe /nologo /fo"Debug\TCPServer.exe.embed.manifest.res" Debug\TCPServer_manifest.rc 
       LinkEmbedManifest:
         C:\Program Files (x86)\Microsoft Visual Studio 10.0\VC\bin\link.exe /ERRORREPORT:PROMPT /OUT:"C:\Users\sejong\Desktop\source\class\Chapter04\TCPServer\Debug\TCPServer.exe" /INCREMENTAL /NOLOGO kernel32.lib user32.lib gdi32.lib winspool.lib comdlg32.lib advapi32.lib shell32.lib ole32.lib oleaut32.lib uuid.lib odbc32.lib odbccp32.lib /MANIFEST /ManifestFile:"Debug\TCPServer.exe.intermediate.manifest" /MANIFESTUAC:"level='asInvoker' uiAccess='false'" /DEBUG /PDB:"C:\Users\sejong\Desktop\source\class\Chapter04\TCPServer\Debug\TCPServer.pdb" /SUBSYSTEM:CONSOLE /TLBID:1 /DYNAMICBASE /NXCOMPAT /IMPLIB:"C:\Users\sejong\Desktop\source\class\Chapter04\TCPServer\Debug\TCPServer.lib" /MACHINE:X86 Debug\TCPServer.exe.embed.manifest.res
         Debug\TCPServer.obj
         TCPServer.vcxproj -> C:\Users\sejong\Desktop\source\class\Chapter04\TCPServer\Debug\TCPServer.exe
       FinalizeBuildStatus:
         Deleting file "Debug\TCPServer.unsuccessfulbuild".
         Touching "Debug\TCPServer.lastbuildstate".
     1>Done Building Project "C:\Users\sejong\Desktop\source\class\Chapter04\TCPServer\TCPServer.vcxproj" (build target(s)).

Build succeeded.

Time Elapsed 00:00:01.63
