Build started 2019-06-02 오후 8:29:06.
     1>Project "C:\Users\sejong\Desktop\source\class\Chapter09\DlgApp\DlgApp.vcxproj" on node 2 (build target(s)).
     1>InitializeBuildStatus:
         Creating "Debug\DlgApp.unsuccessfulbuild" because "AlwaysCreate" was specified.
       ClCompile:
         All outputs are up-to-date.
       ResourceCompile:
         All outputs are up-to-date.
       ManifestResourceCompile:
         All outputs are up-to-date.
       Link:
         All outputs are up-to-date.
       Manifest:
         All outputs are up-to-date.
       FinalizeBuildStatus:
         Deleting file "Debug\DlgApp.unsuccessfulbuild".
         Touching "Debug\DlgApp.lastbuildstate".
     1>Done Building Project "C:\Users\sejong\Desktop\source\class\Chapter09\DlgApp\DlgApp.vcxproj" (build target(s)).

Build succeeded.

Time Elapsed 00:00:00.05
