Build started 2019-06-01 오후 4:48:58.
     1>Project "C:\Users\sejong\Desktop\source\assignment\project3\DlgApp\DlgApp.vcxproj" on node 2 (build target(s)).
     1>InitializeBuildStatus:
         Touching "Debug\DlgApp.unsuccessfulbuild".
       ClCompile:
         C:\Program Files (x86)\Microsoft Visual Studio 10.0\VC\bin\CL.exe /c /ZI /nologo /W3 /WX- /Od /Oy- /D WIN32 /D _DEBUG /D _WINDOWS /D _MBCS /Gm /EHsc /RTC1 /MDd /GS /fp:precise /Zc:wchar_t /Zc:forScope /Fo"Debug\\" /Fd"Debug\vc100.pdb" /Gd /TP /analyze- /errorReport:prompt DlgApp.cpp
         DlgApp.cpp
     1>c:\users\sejong\desktop\source\assignment\project3\dlgapp\dlgapp.cpp(132): warning C4996: 'strcpy': This function or variable may be unsafe. Consider using strcpy_s instead. To disable deprecation, use _CRT_SECURE_NO_WARNINGS. See online help for details.
                 c:\program files (x86)\microsoft visual studio 10.0\vc\include\string.h(105) : see declaration of 'strcpy'
     1>c:\users\sejong\desktop\source\assignment\project3\dlgapp\dlgapp.cpp(97): warning C4101: 'retval' : unreferenced local variable
     1>c:\users\sejong\desktop\source\assignment\project3\dlgapp\dlgapp.cpp(171): warning C4996: 'vsprintf': This function or variable may be unsafe. Consider using vsprintf_s instead. To disable deprecation, use _CRT_SECURE_NO_WARNINGS. See online help for details.
                 c:\program files (x86)\microsoft visual studio 10.0\vc\include\stdio.h(371) : see declaration of 'vsprintf'
     1>c:\users\sejong\desktop\source\assignment\project3\dlgapp\dlgapp.cpp(186): warning C4996: 'strcpy': This function or variable may be unsafe. Consider using strcpy_s instead. To disable deprecation, use _CRT_SECURE_NO_WARNINGS. See online help for details.
                 c:\program files (x86)\microsoft visual studio 10.0\vc\include\string.h(105) : see declaration of 'strcpy'
     1>c:\users\sejong\desktop\source\assignment\project3\dlgapp\dlgapp.cpp(220): warning C4996: 'strcpy': This function or variable may be unsafe. Consider using strcpy_s instead. To disable deprecation, use _CRT_SECURE_NO_WARNINGS. See online help for details.
                 c:\program files (x86)\microsoft visual studio 10.0\vc\include\string.h(105) : see declaration of 'strcpy'
       ResourceCompile:
         All outputs are up-to-date.
       ManifestResourceCompile:
         All outputs are up-to-date.
       Link:
         C:\Program Files (x86)\Microsoft Visual Studio 10.0\VC\bin\link.exe /ERRORREPORT:PROMPT /OUT:"C:\Users\sejong\Desktop\source\assignment\project3\DlgApp\Debug\DlgApp.exe" /INCREMENTAL /NOLOGO kernel32.lib user32.lib gdi32.lib winspool.lib comdlg32.lib advapi32.lib shell32.lib ole32.lib oleaut32.lib uuid.lib odbc32.lib odbccp32.lib /MANIFEST /ManifestFile:"Debug\DlgApp.exe.intermediate.manifest" /MANIFESTUAC:"level='asInvoker' uiAccess='false'" /DEBUG /PDB:"C:\Users\sejong\Desktop\source\assignment\project3\DlgApp\Debug\DlgApp.pdb" /SUBSYSTEM:WINDOWS /TLBID:1 /DYNAMICBASE /NXCOMPAT /IMPLIB:"C:\Users\sejong\Desktop\source\assignment\project3\DlgApp\Debug\DlgApp.lib" /MACHINE:X86 Debug\DlgApp.res
         Debug\DlgApp.exe.embed.manifest.res
         Debug\DlgApp.obj
       Manifest:
         c:\Program Files (x86)\Microsoft SDKs\Windows\v7.0A\bin\mt.exe /nologo /verbose /out:"Debug\DlgApp.exe.embed.manifest" /manifest Debug\DlgApp.exe.intermediate.manifest
         All outputs are up-to-date.
       LinkEmbedManifest:
         All outputs are up-to-date.
         DlgApp.vcxproj -> C:\Users\sejong\Desktop\source\assignment\project3\DlgApp\Debug\DlgApp.exe
       FinalizeBuildStatus:
         Deleting file "Debug\DlgApp.unsuccessfulbuild".
         Touching "Debug\DlgApp.lastbuildstate".
     1>Done Building Project "C:\Users\sejong\Desktop\source\assignment\project3\DlgApp\DlgApp.vcxproj" (build target(s)).

Build succeeded.

Time Elapsed 00:00:00.99
