Build started 2019-05-05 오후 7:43:12.
     1>Project "\\Mac\Home\Desktop\Source\class\Chapter08\MulticastReceiver\MulticastReceiver.vcxproj" on node 2 (build target(s)).
     1>InitializeBuildStatus:
         Creating "Debug\MulticastReceiver.unsuccessfulbuild" because "AlwaysCreate" was specified.
       ClCompile:
         C:\Program Files (x86)\Microsoft Visual Studio 10.0\VC\bin\CL.exe /c /ZI /nologo /W3 /WX- /Od /Oy- /D WIN32 /D _DEBUG /D _CONSOLE /D _MBCS /Gm /EHsc /RTC1 /MDd /GS /fp:precise /Zc:wchar_t /Zc:forScope /Fo"Debug\\" /Fd"Debug\vc100.pdb" /Gd /TP /analyze- /errorReport:prompt MulticastReceiver.cpp
         MulticastReceiver.cpp
       ManifestResourceCompile:
         C:\Program Files (x86)\Microsoft SDKs\Windows\v7.0A\bin\rc.exe /nologo /fo"Debug\MulticastReceiver.exe.embed.manifest.res" Debug\MulticastReceiver_manifest.rc 
       Link:
         C:\Program Files (x86)\Microsoft Visual Studio 10.0\VC\bin\link.exe /ERRORREPORT:PROMPT /OUT:"\\Mac\Home\Desktop\Source\class\Chapter08\MulticastReceiver\Debug\MulticastReceiver.exe" /INCREMENTAL /NOLOGO kernel32.lib user32.lib gdi32.lib winspool.lib comdlg32.lib advapi32.lib shell32.lib ole32.lib oleaut32.lib uuid.lib odbc32.lib odbccp32.lib /MANIFEST /ManifestFile:"Debug\MulticastReceiver.exe.intermediate.manifest" /MANIFESTUAC:"level='asInvoker' uiAccess='false'" /DEBUG /PDB:"\\Mac\Home\Desktop\Source\class\Chapter08\MulticastReceiver\Debug\MulticastReceiver.pdb" /SUBSYSTEM:CONSOLE /TLBID:1 /DYNAMICBASE /NXCOMPAT /IMPLIB:"\\Mac\Home\Desktop\Source\class\Chapter08\MulticastReceiver\Debug\MulticastReceiver.lib" /MACHINE:X86 Debug\MulticastReceiver.exe.embed.manifest.res
         Debug\MulticastReceiver.obj
       Manifest:
         C:\Program Files (x86)\Microsoft SDKs\Windows\v7.0A\bin\mt.exe /nologo /verbose /out:"Debug\MulticastReceiver.exe.embed.manifest" /manifest Debug\MulticastReceiver.exe.intermediate.manifest
         C:\Program Files (x86)\Microsoft SDKs\Windows\v7.0A\bin\rc.exe /nologo /fo"Debug\MulticastReceiver.exe.embed.manifest.res" Debug\MulticastReceiver_manifest.rc 
       LinkEmbedManifest:
         C:\Program Files (x86)\Microsoft Visual Studio 10.0\VC\bin\link.exe /ERRORREPORT:PROMPT /OUT:"\\Mac\Home\Desktop\Source\class\Chapter08\MulticastReceiver\Debug\MulticastReceiver.exe" /INCREMENTAL /NOLOGO kernel32.lib user32.lib gdi32.lib winspool.lib comdlg32.lib advapi32.lib shell32.lib ole32.lib oleaut32.lib uuid.lib odbc32.lib odbccp32.lib /MANIFEST /ManifestFile:"Debug\MulticastReceiver.exe.intermediate.manifest" /MANIFESTUAC:"level='asInvoker' uiAccess='false'" /DEBUG /PDB:"\\Mac\Home\Desktop\Source\class\Chapter08\MulticastReceiver\Debug\MulticastReceiver.pdb" /SUBSYSTEM:CONSOLE /TLBID:1 /DYNAMICBASE /NXCOMPAT /IMPLIB:"\\Mac\Home\Desktop\Source\class\Chapter08\MulticastReceiver\Debug\MulticastReceiver.lib" /MACHINE:X86 Debug\MulticastReceiver.exe.embed.manifest.res
         Debug\MulticastReceiver.obj
         MulticastReceiver.vcxproj -> \\Mac\Home\Desktop\Source\class\Chapter08\MulticastReceiver\Debug\MulticastReceiver.exe
       FinalizeBuildStatus:
         Deleting file "Debug\MulticastReceiver.unsuccessfulbuild".
         Touching "Debug\MulticastReceiver.lastbuildstate".
     1>Done Building Project "\\Mac\Home\Desktop\Source\class\Chapter08\MulticastReceiver\MulticastReceiver.vcxproj" (build target(s)).

Build succeeded.

Time Elapsed 00:00:04.74
