Build started 2019-06-02 오후 9:06:53.
     1>Project "C:\Users\sejong\Desktop\source\class\Chapter04\TCPClient\TCPClient.vcxproj" on node 2 (build target(s)).
     1>InitializeBuildStatus:
         Touching "Debug\TCPClient.unsuccessfulbuild".
       ClCompile:
         C:\Program Files (x86)\Microsoft Visual Studio 10.0\VC\bin\CL.exe /c /ZI /nologo /W3 /WX- /Od /Oy- /D WIN32 /D _DEBUG /D _CONSOLE /D _MBCS /Gm /EHsc /RTC1 /MDd /GS /fp:precise /Zc:wchar_t /Zc:forScope /Fo"Debug\\" /Fd"Debug\vc100.pdb" /Gd /TP /analyze- /errorReport:prompt TCPClient.cpp
         TCPClient.cpp
     1>c:\users\sejong\desktop\source\class\chapter04\tcpclient\tcpclient.cpp(72): warning C4996: 'gets': This function or variable may be unsafe. Consider using gets_s instead. To disable deprecation, use _CRT_SECURE_NO_WARNINGS. See online help for details.
                 c:\program files (x86)\microsoft visual studio 10.0\vc\include\stdio.h(277) : see declaration of 'gets'
     1>c:\users\sejong\desktop\source\class\chapter04\tcpclient\tcpclient.cpp(148): warning C4996: 'sprintf': This function or variable may be unsafe. Consider using sprintf_s instead. To disable deprecation, use _CRT_SECURE_NO_WARNINGS. See online help for details.
                 c:\program files (x86)\microsoft visual studio 10.0\vc\include\stdio.h(371) : see declaration of 'sprintf'
       ManifestResourceCompile:
         All outputs are up-to-date.
       Link:
         C:\Program Files (x86)\Microsoft Visual Studio 10.0\VC\bin\link.exe /ERRORREPORT:PROMPT /OUT:"C:\Users\sejong\Desktop\source\class\Chapter04\TCPClient\Debug\TCPClient.exe" /INCREMENTAL /NOLOGO kernel32.lib user32.lib gdi32.lib winspool.lib comdlg32.lib advapi32.lib shell32.lib ole32.lib oleaut32.lib uuid.lib odbc32.lib odbccp32.lib /MANIFEST /ManifestFile:"Debug\TCPClient.exe.intermediate.manifest" /MANIFESTUAC:"level='asInvoker' uiAccess='false'" /DEBUG /PDB:"C:\Users\sejong\Desktop\source\class\Chapter04\TCPClient\Debug\TCPClient.pdb" /SUBSYSTEM:CONSOLE /TLBID:1 /DYNAMICBASE /NXCOMPAT /IMPLIB:"C:\Users\sejong\Desktop\source\class\Chapter04\TCPClient\Debug\TCPClient.lib" /MACHINE:X86 Debug\TCPClient.exe.embed.manifest.res
         Debug\TCPClient.obj
       Manifest:
         c:\Program Files (x86)\Microsoft SDKs\Windows\v7.0A\bin\mt.exe /nologo /verbose /out:"Debug\TCPClient.exe.embed.manifest" /manifest Debug\TCPClient.exe.intermediate.manifest
         All outputs are up-to-date.
       LinkEmbedManifest:
         All outputs are up-to-date.
         TCPClient.vcxproj -> C:\Users\sejong\Desktop\source\class\Chapter04\TCPClient\Debug\TCPClient.exe
       FinalizeBuildStatus:
         Deleting file "Debug\TCPClient.unsuccessfulbuild".
         Touching "Debug\TCPClient.lastbuildstate".
     1>Done Building Project "C:\Users\sejong\Desktop\source\class\Chapter04\TCPClient\TCPClient.vcxproj" (build target(s)).

Build succeeded.

Time Elapsed 00:00:00.86
